2025-04-16 00:01:50.850  INFO 19268 --- [   File Watcher] org.springframework.boot.devtools.autoconfigure.LocalDevToolsAutoConfiguration$RestartingClassPathChangeChangedEventListener : Restarting due to 72 class path changes (0 additions, 72 deletions, 0 modifications)
2025-04-16 00:01:50.874  INFO 19268 --- [       Thread-5] org.springframework.boot.web.embedded.tomcat.GracefulShutdown : Commencing graceful shutdown. Waiting for active requests to complete
2025-04-16 00:01:50.889  INFO 19268 --- [tomcat-shutdown] org.springframework.boot.web.embedded.tomcat.GracefulShutdown : Graceful shutdown complete
2025-04-16 00:01:50.910  INFO 19268 --- [       Thread-5] org.springframework.orm.jpa.LocalContainerEntityManagerFactoryBean : Closing JPA EntityManagerFactory for persistence unit 'default'
2025-04-16 00:01:50.923  INFO 19268 --- [       Thread-5] com.zaxxer.hikari.HikariDataSource : HikariPool-1 - Shutdown initiated...
2025-04-16 00:01:50.938  INFO 19268 --- [       Thread-5] com.zaxxer.hikari.HikariDataSource : HikariPool-1 - Shutdown completed.
2025-04-16 00:01:51.097  WARN 19268 --- [  restartedMain] org.springframework.boot.web.servlet.context.AnnotationConfigServletWebServerApplicationContext : Exception encountered during context initialization - cancelling refresh attempt: org.springframework.beans.factory.BeanDefinitionStoreException: I/O failure while processing configuration class [org.treasurehunt.hunt.mapper.ChallengeMapperImpl]
2025-04-16 00:01:51.157 ERROR 19268 --- [  restartedMain] org.springframework.boot.SpringApplication : Application run failed

org.springframework.beans.factory.BeanDefinitionStoreException: I/O failure while processing configuration class [org.treasurehunt.hunt.mapper.ChallengeMapperImpl]
	at org.springframework.context.annotation.ConfigurationClassParser.processConfigurationClass(ConfigurationClassParser.java:272) ~[spring-context-6.2.3.jar:6.2.3]
	at org.springframework.context.annotation.ConfigurationClassParser.parse(ConfigurationClassParser.java:205) ~[spring-context-6.2.3.jar:6.2.3]
	at org.springframework.context.annotation.ConfigurationClassParser.doProcessConfigurationClass(ConfigurationClassParser.java:340) ~[spring-context-6.2.3.jar:6.2.3]
	at org.springframework.context.annotation.ConfigurationClassParser.processConfigurationClass(ConfigurationClassParser.java:267) ~[spring-context-6.2.3.jar:6.2.3]
	at org.springframework.context.annotation.ConfigurationClassParser.parse(ConfigurationClassParser.java:193) ~[spring-context-6.2.3.jar:6.2.3]
	at org.springframework.context.annotation.ConfigurationClassParser.parse(ConfigurationClassParser.java:171) ~[spring-context-6.2.3.jar:6.2.3]
	at org.springframework.context.annotation.ConfigurationClassPostProcessor.processConfigBeanDefinitions(ConfigurationClassPostProcessor.java:418) ~[spring-context-6.2.3.jar:6.2.3]
	at org.springframework.context.annotation.ConfigurationClassPostProcessor.postProcessBeanDefinitionRegistry(ConfigurationClassPostProcessor.java:290) ~[spring-context-6.2.3.jar:6.2.3]
	at org.springframework.context.support.PostProcessorRegistrationDelegate.invokeBeanDefinitionRegistryPostProcessors(PostProcessorRegistrationDelegate.java:349) ~[spring-context-6.2.3.jar:6.2.3]
	at org.springframework.context.support.PostProcessorRegistrationDelegate.invokeBeanFactoryPostProcessors(PostProcessorRegistrationDelegate.java:118) ~[spring-context-6.2.3.jar:6.2.3]
	at org.springframework.context.support.AbstractApplicationContext.invokeBeanFactoryPostProcessors(AbstractApplicationContext.java:791) ~[spring-context-6.2.3.jar:6.2.3]
	at org.springframework.context.support.AbstractApplicationContext.refresh(AbstractApplicationContext.java:609) ~[spring-context-6.2.3.jar:6.2.3]
	at org.springframework.boot.web.servlet.context.ServletWebServerApplicationContext.refresh(ServletWebServerApplicationContext.java:146) ~[spring-boot-3.4.3.jar:3.4.3]
	at org.springframework.boot.SpringApplication.refresh(SpringApplication.java:752) [spring-boot-3.4.3.jar:3.4.3]
	at org.springframework.boot.SpringApplication.refreshContext(SpringApplication.java:439) [spring-boot-3.4.3.jar:3.4.3]
	at org.springframework.boot.SpringApplication.run(SpringApplication.java:318) [spring-boot-3.4.3.jar:3.4.3]
	at org.springframework.boot.SpringApplication.run(SpringApplication.java:1361) [spring-boot-3.4.3.jar:3.4.3]
	at org.springframework.boot.SpringApplication.run(SpringApplication.java:1350) [spring-boot-3.4.3.jar:3.4.3]
	at org.treasurehunt.TreasureApiApplication.main(TreasureApiApplication.java:10) [classes/:?]
	at java.base/jdk.internal.reflect.DirectMethodHandleAccessor.invoke(DirectMethodHandleAccessor.java:103) ~[?:?]
	at java.base/java.lang.reflect.Method.invoke(Method.java:580) ~[?:?]
	at org.springframework.boot.devtools.restart.RestartLauncher.run(RestartLauncher.java:50) [spring-boot-devtools-3.4.3.jar:3.4.3]
Caused by: java.io.FileNotFoundException: class path resource [org/treasurehunt/hunt/mapper/ChallengeMapper.class] cannot be opened because it does not exist
	at org.springframework.core.io.ClassPathResource.getInputStream(ClassPathResource.java:215) ~[spring-core-6.2.3.jar:6.2.3]
	at org.springframework.core.type.classreading.SimpleMetadataReader.getClassReader(SimpleMetadataReader.java:54) ~[spring-core-6.2.3.jar:6.2.3]
	at org.springframework.core.type.classreading.SimpleMetadataReader.<init>(SimpleMetadataReader.java:48) ~[spring-core-6.2.3.jar:6.2.3]
	at org.springframework.core.type.classreading.SimpleMetadataReaderFactory.getMetadataReader(SimpleMetadataReaderFactory.java:103) ~[spring-core-6.2.3.jar:6.2.3]
	at org.springframework.boot.type.classreading.ConcurrentReferenceCachingMetadataReaderFactory.createMetadataReader(ConcurrentReferenceCachingMetadataReaderFactory.java:98) ~[spring-boot-3.4.3.jar:3.4.3]
	at org.springframework.boot.type.classreading.ConcurrentReferenceCachingMetadataReaderFactory.getMetadataReader(ConcurrentReferenceCachingMetadataReaderFactory.java:85) ~[spring-boot-3.4.3.jar:3.4.3]
	at org.springframework.core.type.classreading.SimpleMetadataReaderFactory.getMetadataReader(SimpleMetadataReaderFactory.java:81) ~[spring-core-6.2.3.jar:6.2.3]
	at org.springframework.boot.type.classreading.ConcurrentReferenceCachingMetadataReaderFactory.getMetadataReader(ConcurrentReferenceCachingMetadataReaderFactory.java:75) ~[spring-boot-3.4.3.jar:3.4.3]
	at org.springframework.context.annotation.ConfigurationClassParser.asSourceClass(ConfigurationClassParser.java:697) ~[spring-context-6.2.3.jar:6.2.3]
	at org.springframework.context.annotation.ConfigurationClassParser$SourceClass.getSuperClass(ConfigurationClassParser.java:1033) ~[spring-context-6.2.3.jar:6.2.3]
	at org.springframework.context.annotation.ConfigurationClassParser.doProcessConfigurationClass(ConfigurationClassParser.java:381) ~[spring-context-6.2.3.jar:6.2.3]
	at org.springframework.context.annotation.ConfigurationClassParser.processConfigurationClass(ConfigurationClassParser.java:267) ~[spring-context-6.2.3.jar:6.2.3]
	... 21 more

2025-04-16 00:01:54.512  INFO 19268 --- [  restartedMain] org.springframework.data.repository.config.RepositoryConfigurationDelegate : Bootstrapping Spring Data JPA repositories in DEFAULT mode.
2025-04-16 00:01:54.536  INFO 19268 --- [  restartedMain] org.springframework.data.repository.config.RepositoryConfigurationDelegate : Finished Spring Data repository scanning in 23 ms. Found 4 JPA repository interfaces.
2025-04-16 00:01:54.760  INFO 19268 --- [  restartedMain] org.springframework.boot.web.embedded.tomcat.TomcatWebServer : Tomcat initialized with port 8080 (http)
2025-04-16 00:01:54.764  INFO 19268 --- [  restartedMain] org.apache.catalina.core.StandardService : Starting service [Tomcat]
2025-04-16 00:01:54.765  INFO 19268 --- [  restartedMain] org.apache.catalina.core.StandardEngine : Starting Servlet engine: [Apache Tomcat/10.1.36]
2025-04-16 00:01:54.789  INFO 19268 --- [  restartedMain] org.apache.catalina.core.ContainerBase.[Tomcat].[localhost].[/api/v1/treasure-hunt] : Initializing Spring embedded WebApplicationContext
2025-04-16 00:01:54.789  INFO 19268 --- [  restartedMain] org.springframework.boot.web.servlet.context.ServletWebServerApplicationContext : Root WebApplicationContext: initialization completed in 700 ms
2025-04-16 00:01:54.925  INFO 19268 --- [  restartedMain] org.hibernate.jpa.internal.util.LogHelper : HHH000204: Processing PersistenceUnitInfo [name: default]
2025-04-16 00:01:54.926  INFO 19268 --- [  restartedMain] org.hibernate.cache.internal.RegionFactoryInitiator : HHH000026: Second-level cache disabled
2025-04-16 00:01:54.935  INFO 19268 --- [  restartedMain] org.springframework.orm.jpa.persistenceunit.SpringPersistenceUnitInfo : No LoadTimeWeaver setup: ignoring JPA class transformer
2025-04-16 00:01:54.938  INFO 19268 --- [  restartedMain] com.zaxxer.hikari.HikariDataSource : HikariPool-2 - Starting...
2025-04-16 00:01:54.955  INFO 19268 --- [  restartedMain] com.zaxxer.hikari.pool.HikariPool : HikariPool-2 - Added connection com.mysql.cj.jdbc.ConnectionImpl@567f8d63
2025-04-16 00:01:54.956  INFO 19268 --- [  restartedMain] com.zaxxer.hikari.HikariDataSource : HikariPool-2 - Start completed.
2025-04-16 00:01:54.956  WARN 19268 --- [  restartedMain] org.hibernate.orm.deprecation : HHH90000025: MySQLDialect does not need to be specified explicitly using 'hibernate.dialect' (remove the property setting and it will be selected by default)
2025-04-16 00:01:54.957  INFO 19268 --- [  restartedMain] org.hibernate.orm.connections.pooling : HHH10001005: Database info:
	Database JDBC URL [Connecting through datasource 'HikariDataSource (HikariPool-2)']
	Database driver: undefined/unknown
	Database version: 9.0
	Autocommit mode: undefined/unknown
	Isolation level: undefined/unknown
	Minimum pool size: undefined/unknown
	Maximum pool size: undefined/unknown
2025-04-16 00:01:55.120  INFO 19268 --- [  restartedMain] org.hibernate.engine.transaction.jta.platform.internal.JtaPlatformInitiator : HHH000489: No JTA platform available (set 'hibernate.transaction.jta.platform' to enable JTA platform integration)
2025-04-16 00:01:55.160  INFO 19268 --- [  restartedMain] org.springframework.orm.jpa.LocalContainerEntityManagerFactoryBean : Initialized JPA EntityManagerFactory for persistence unit 'default'
2025-04-16 00:01:55.396  INFO 19268 --- [  restartedMain] org.springframework.security.config.annotation.authentication.configuration.InitializeAuthenticationProviderBeanManagerConfigurer$InitializeAuthenticationProviderManagerConfigurer : Global AuthenticationManager configured with AuthenticationProvider bean with name authenticationProvider
2025-04-16 00:01:55.396  WARN 19268 --- [  restartedMain] org.springframework.security.config.annotation.authentication.configuration.InitializeUserDetailsBeanManagerConfigurer$InitializeUserDetailsManagerConfigurer : Global AuthenticationManager configured with an AuthenticationProvider bean. UserDetailsService beans will not be used by Spring Security for automatically configuring username/password login. Consider removing the AuthenticationProvider bean. Alternatively, consider using the UserDetailsService in a manually instantiated DaoAuthenticationProvider. If the current configuration is intentional, to turn off this warning, increase the logging level of 'org.springframework.security.config.annotation.authentication.configuration.InitializeUserDetailsBeanManagerConfigurer' to ERROR
2025-04-16 00:01:55.640  WARN 19268 --- [  restartedMain] org.springframework.boot.autoconfigure.orm.jpa.JpaBaseConfiguration$JpaWebConfiguration : spring.jpa.open-in-view is enabled by default. Therefore, database queries may be performed during view rendering. Explicitly configure spring.jpa.open-in-view to disable this warning
2025-04-16 00:01:55.866  INFO 19268 --- [  restartedMain] org.springframework.boot.actuate.endpoint.web.EndpointLinksResolver : Exposing 1 endpoint beneath base path '/actuator'
2025-04-16 00:01:56.267  INFO 19268 --- [  restartedMain] org.springframework.boot.devtools.autoconfigure.OptionalLiveReloadServer : LiveReload server is running on port 35729
2025-04-16 00:01:56.294  INFO 19268 --- [  restartedMain] org.springframework.boot.web.embedded.tomcat.TomcatWebServer : Tomcat started on port 8080 (http) with context path '/api/v1/treasure-hunt'
2025-04-16 00:01:56.304  INFO 19268 --- [  restartedMain] org.springframework.boot.devtools.autoconfigure.ConditionEvaluationDeltaLoggingListener : Condition evaluation unchanged
2025-04-16 00:02:50.219  INFO 19268 --- [ionShutdownHook] org.springframework.boot.web.embedded.tomcat.GracefulShutdown : Commencing graceful shutdown. Waiting for active requests to complete
2025-04-16 00:02:50.232  INFO 19268 --- [tomcat-shutdown] org.springframework.boot.web.embedded.tomcat.GracefulShutdown : Graceful shutdown complete
2025-04-16 00:02:50.236  INFO 19268 --- [ionShutdownHook] org.springframework.orm.jpa.LocalContainerEntityManagerFactoryBean : Closing JPA EntityManagerFactory for persistence unit 'default'
2025-04-16 00:02:50.236  INFO 19268 --- [ionShutdownHook] com.zaxxer.hikari.HikariDataSource : HikariPool-2 - Shutdown initiated...
2025-04-16 00:02:50.240  INFO 19268 --- [ionShutdownHook] com.zaxxer.hikari.HikariDataSource : HikariPool-2 - Shutdown completed.
2025-04-16 00:02:55.208  INFO 26536 --- [kground-preinit] org.hibernate.validator.internal.util.Version : HV000001: Hibernate Validator 8.0.2.Final
2025-04-16 00:02:55.284  INFO 26536 --- [  restartedMain] org.springframework.boot.devtools.env.DevToolsPropertyDefaultsPostProcessor : Devtools property defaults active! Set 'spring.devtools.add-properties' to 'false' to disable
2025-04-16 00:02:55.285  INFO 26536 --- [  restartedMain] org.springframework.boot.devtools.env.DevToolsPropertyDefaultsPostProcessor : For additional web related logging consider setting the 'logging.level.web' property to 'DEBUG'
2025-04-16 00:02:56.251  INFO 26536 --- [  restartedMain] org.springframework.data.repository.config.RepositoryConfigurationDelegate : Bootstrapping Spring Data JPA repositories in DEFAULT mode.
2025-04-16 00:02:56.311  INFO 26536 --- [  restartedMain] org.springframework.data.repository.config.RepositoryConfigurationDelegate : Finished Spring Data repository scanning in 52 ms. Found 4 JPA repository interfaces.
2025-04-16 00:02:57.003  INFO 26536 --- [  restartedMain] org.springframework.boot.web.embedded.tomcat.TomcatWebServer : Tomcat initialized with port 8080 (http)
2025-04-16 00:02:57.015  INFO 26536 --- [  restartedMain] org.apache.catalina.core.StandardService : Starting service [Tomcat]
2025-04-16 00:02:57.015  INFO 26536 --- [  restartedMain] org.apache.catalina.core.StandardEngine : Starting Servlet engine: [Apache Tomcat/10.1.36]
2025-04-16 00:02:57.056  INFO 26536 --- [  restartedMain] org.apache.catalina.core.ContainerBase.[Tomcat].[localhost].[/api/v1/treasure-hunt] : Initializing Spring embedded WebApplicationContext
2025-04-16 00:02:57.057  INFO 26536 --- [  restartedMain] org.springframework.boot.web.servlet.context.ServletWebServerApplicationContext : Root WebApplicationContext: initialization completed in 1771 ms
2025-04-16 00:02:57.356  INFO 26536 --- [  restartedMain] org.hibernate.jpa.internal.util.LogHelper : HHH000204: Processing PersistenceUnitInfo [name: default]
2025-04-16 00:02:57.415  INFO 26536 --- [  restartedMain] org.hibernate.Version : HHH000412: Hibernate ORM core version 6.6.8.Final
2025-04-16 00:02:57.445  INFO 26536 --- [  restartedMain] org.hibernate.cache.internal.RegionFactoryInitiator : HHH000026: Second-level cache disabled
2025-04-16 00:02:57.701  INFO 26536 --- [  restartedMain] org.springframework.orm.jpa.persistenceunit.SpringPersistenceUnitInfo : No LoadTimeWeaver setup: ignoring JPA class transformer
2025-04-16 00:02:57.729  INFO 26536 --- [  restartedMain] com.zaxxer.hikari.HikariDataSource : HikariPool-1 - Starting...
2025-04-16 00:02:58.020  INFO 26536 --- [  restartedMain] com.zaxxer.hikari.pool.HikariPool : HikariPool-1 - Added connection com.mysql.cj.jdbc.ConnectionImpl@69530dc9
2025-04-16 00:02:58.023  INFO 26536 --- [  restartedMain] com.zaxxer.hikari.HikariDataSource : HikariPool-1 - Start completed.
2025-04-16 00:02:58.064  WARN 26536 --- [  restartedMain] org.hibernate.orm.deprecation : HHH90000025: MySQLDialect does not need to be specified explicitly using 'hibernate.dialect' (remove the property setting and it will be selected by default)
2025-04-16 00:02:58.079  INFO 26536 --- [  restartedMain] org.hibernate.orm.connections.pooling : HHH10001005: Database info:
	Database JDBC URL [Connecting through datasource 'HikariDataSource (HikariPool-1)']
	Database driver: undefined/unknown
	Database version: 9.0
	Autocommit mode: undefined/unknown
	Isolation level: undefined/unknown
	Minimum pool size: undefined/unknown
	Maximum pool size: undefined/unknown
2025-04-16 00:02:59.000  INFO 26536 --- [  restartedMain] org.hibernate.engine.transaction.jta.platform.internal.JtaPlatformInitiator : HHH000489: No JTA platform available (set 'hibernate.transaction.jta.platform' to enable JTA platform integration)
2025-04-16 00:02:59.089  INFO 26536 --- [  restartedMain] org.springframework.orm.jpa.LocalContainerEntityManagerFactoryBean : Initialized JPA EntityManagerFactory for persistence unit 'default'
2025-04-16 00:02:59.360  INFO 26536 --- [  restartedMain] org.springframework.data.jpa.repository.query.QueryEnhancerFactory : Hibernate is in classpath; If applicable, HQL parser will be used.
2025-04-16 00:03:00.088  INFO 26536 --- [  restartedMain] org.springframework.security.config.annotation.authentication.configuration.InitializeAuthenticationProviderBeanManagerConfigurer$InitializeAuthenticationProviderManagerConfigurer : Global AuthenticationManager configured with AuthenticationProvider bean with name authenticationProvider
2025-04-16 00:03:00.089  WARN 26536 --- [  restartedMain] org.springframework.security.config.annotation.authentication.configuration.InitializeUserDetailsBeanManagerConfigurer$InitializeUserDetailsManagerConfigurer : Global AuthenticationManager configured with an AuthenticationProvider bean. UserDetailsService beans will not be used by Spring Security for automatically configuring username/password login. Consider removing the AuthenticationProvider bean. Alternatively, consider using the UserDetailsService in a manually instantiated DaoAuthenticationProvider. If the current configuration is intentional, to turn off this warning, increase the logging level of 'org.springframework.security.config.annotation.authentication.configuration.InitializeUserDetailsBeanManagerConfigurer' to ERROR
2025-04-16 00:03:01.278  WARN 26536 --- [  restartedMain] org.springframework.boot.autoconfigure.orm.jpa.JpaBaseConfiguration$JpaWebConfiguration : spring.jpa.open-in-view is enabled by default. Therefore, database queries may be performed during view rendering. Explicitly configure spring.jpa.open-in-view to disable this warning
2025-04-16 00:03:01.925  INFO 26536 --- [  restartedMain] org.springframework.boot.actuate.endpoint.web.EndpointLinksResolver : Exposing 1 endpoint beneath base path '/actuator'
2025-04-16 00:03:02.939  INFO 26536 --- [  restartedMain] org.springframework.boot.devtools.autoconfigure.OptionalLiveReloadServer : LiveReload server is running on port 35729
2025-04-16 00:03:03.088  INFO 26536 --- [  restartedMain] org.springframework.boot.web.embedded.tomcat.TomcatWebServer : Tomcat started on port 8080 (http) with context path '/api/v1/treasure-hunt'
2025-04-16 00:03:03.758  INFO 26536 --- [192.168.100.219] org.apache.catalina.core.ContainerBase.[Tomcat].[localhost].[/api/v1/treasure-hunt] : Initializing Spring DispatcherServlet 'dispatcherServlet'
2025-04-16 00:03:03.758  INFO 26536 --- [192.168.100.219] org.springframework.web.servlet.DispatcherServlet : Initializing Servlet 'dispatcherServlet'
2025-04-16 00:03:03.760  INFO 26536 --- [192.168.100.219] org.springframework.web.servlet.DispatcherServlet : Completed initialization in 2 ms
2025-04-16 00:06:46.155  INFO 26536 --- [ionShutdownHook] org.springframework.boot.web.embedded.tomcat.GracefulShutdown : Commencing graceful shutdown. Waiting for active requests to complete
2025-04-16 00:06:46.167  INFO 26536 --- [tomcat-shutdown] org.springframework.boot.web.embedded.tomcat.GracefulShutdown : Graceful shutdown complete
2025-04-16 00:06:46.176  INFO 26536 --- [ionShutdownHook] org.springframework.orm.jpa.LocalContainerEntityManagerFactoryBean : Closing JPA EntityManagerFactory for persistence unit 'default'
2025-04-16 00:06:46.179  INFO 26536 --- [ionShutdownHook] com.zaxxer.hikari.HikariDataSource : HikariPool-1 - Shutdown initiated...
2025-04-16 00:06:46.185  INFO 26536 --- [ionShutdownHook] com.zaxxer.hikari.HikariDataSource : HikariPool-1 - Shutdown completed.
2025-04-16 00:06:49.641  INFO 13336 --- [kground-preinit] org.hibernate.validator.internal.util.Version : HV000001: Hibernate Validator 8.0.2.Final
2025-04-16 00:06:49.707  INFO 13336 --- [  restartedMain] org.springframework.boot.devtools.env.DevToolsPropertyDefaultsPostProcessor : Devtools property defaults active! Set 'spring.devtools.add-properties' to 'false' to disable
2025-04-16 00:06:49.708  INFO 13336 --- [  restartedMain] org.springframework.boot.devtools.env.DevToolsPropertyDefaultsPostProcessor : For additional web related logging consider setting the 'logging.level.web' property to 'DEBUG'
2025-04-16 00:06:50.540  INFO 13336 --- [  restartedMain] org.springframework.data.repository.config.RepositoryConfigurationDelegate : Bootstrapping Spring Data JPA repositories in DEFAULT mode.
2025-04-16 00:06:50.595  INFO 13336 --- [  restartedMain] org.springframework.data.repository.config.RepositoryConfigurationDelegate : Finished Spring Data repository scanning in 48 ms. Found 4 JPA repository interfaces.
2025-04-16 00:06:51.216  INFO 13336 --- [  restartedMain] org.springframework.boot.web.embedded.tomcat.TomcatWebServer : Tomcat initialized with port 8080 (http)
2025-04-16 00:06:51.226  INFO 13336 --- [  restartedMain] org.apache.catalina.core.StandardService : Starting service [Tomcat]
2025-04-16 00:06:51.227  INFO 13336 --- [  restartedMain] org.apache.catalina.core.StandardEngine : Starting Servlet engine: [Apache Tomcat/10.1.36]
2025-04-16 00:06:51.265  INFO 13336 --- [  restartedMain] org.apache.catalina.core.ContainerBase.[Tomcat].[localhost].[/api/v1/treasure-hunt] : Initializing Spring embedded WebApplicationContext
2025-04-16 00:06:51.265  INFO 13336 --- [  restartedMain] org.springframework.boot.web.servlet.context.ServletWebServerApplicationContext : Root WebApplicationContext: initialization completed in 1555 ms
2025-04-16 00:06:51.515  INFO 13336 --- [  restartedMain] org.hibernate.jpa.internal.util.LogHelper : HHH000204: Processing PersistenceUnitInfo [name: default]
2025-04-16 00:06:51.550  INFO 13336 --- [  restartedMain] org.hibernate.Version : HHH000412: Hibernate ORM core version 6.6.8.Final
2025-04-16 00:06:51.573  INFO 13336 --- [  restartedMain] org.hibernate.cache.internal.RegionFactoryInitiator : HHH000026: Second-level cache disabled
2025-04-16 00:06:51.757  INFO 13336 --- [  restartedMain] org.springframework.orm.jpa.persistenceunit.SpringPersistenceUnitInfo : No LoadTimeWeaver setup: ignoring JPA class transformer
2025-04-16 00:06:51.779  INFO 13336 --- [  restartedMain] com.zaxxer.hikari.HikariDataSource : HikariPool-1 - Starting...
2025-04-16 00:06:52.012  INFO 13336 --- [  restartedMain] com.zaxxer.hikari.pool.HikariPool : HikariPool-1 - Added connection com.mysql.cj.jdbc.ConnectionImpl@3da18486
2025-04-16 00:06:52.013  INFO 13336 --- [  restartedMain] com.zaxxer.hikari.HikariDataSource : HikariPool-1 - Start completed.
2025-04-16 00:06:52.048  WARN 13336 --- [  restartedMain] org.hibernate.orm.deprecation : HHH90000025: MySQLDialect does not need to be specified explicitly using 'hibernate.dialect' (remove the property setting and it will be selected by default)
2025-04-16 00:06:52.062  INFO 13336 --- [  restartedMain] org.hibernate.orm.connections.pooling : HHH10001005: Database info:
	Database JDBC URL [Connecting through datasource 'HikariDataSource (HikariPool-1)']
	Database driver: undefined/unknown
	Database version: 9.0
	Autocommit mode: undefined/unknown
	Isolation level: undefined/unknown
	Minimum pool size: undefined/unknown
	Maximum pool size: undefined/unknown
2025-04-16 00:06:52.883  INFO 13336 --- [  restartedMain] org.hibernate.engine.transaction.jta.platform.internal.JtaPlatformInitiator : HHH000489: No JTA platform available (set 'hibernate.transaction.jta.platform' to enable JTA platform integration)
2025-04-16 00:06:52.966  INFO 13336 --- [  restartedMain] org.springframework.orm.jpa.LocalContainerEntityManagerFactoryBean : Initialized JPA EntityManagerFactory for persistence unit 'default'
2025-04-16 00:06:53.201  INFO 13336 --- [  restartedMain] org.springframework.data.jpa.repository.query.QueryEnhancerFactory : Hibernate is in classpath; If applicable, HQL parser will be used.
2025-04-16 00:06:53.841  INFO 13336 --- [  restartedMain] org.springframework.security.config.annotation.authentication.configuration.InitializeAuthenticationProviderBeanManagerConfigurer$InitializeAuthenticationProviderManagerConfigurer : Global AuthenticationManager configured with AuthenticationProvider bean with name authenticationProvider
2025-04-16 00:06:53.843  WARN 13336 --- [  restartedMain] org.springframework.security.config.annotation.authentication.configuration.InitializeUserDetailsBeanManagerConfigurer$InitializeUserDetailsManagerConfigurer : Global AuthenticationManager configured with an AuthenticationProvider bean. UserDetailsService beans will not be used by Spring Security for automatically configuring username/password login. Consider removing the AuthenticationProvider bean. Alternatively, consider using the UserDetailsService in a manually instantiated DaoAuthenticationProvider. If the current configuration is intentional, to turn off this warning, increase the logging level of 'org.springframework.security.config.annotation.authentication.configuration.InitializeUserDetailsBeanManagerConfigurer' to ERROR
2025-04-16 00:06:54.113  WARN 13336 --- [  restartedMain] org.springframework.boot.autoconfigure.orm.jpa.JpaBaseConfiguration$JpaWebConfiguration : spring.jpa.open-in-view is enabled by default. Therefore, database queries may be performed during view rendering. Explicitly configure spring.jpa.open-in-view to disable this warning
2025-04-16 00:06:54.493  INFO 13336 --- [  restartedMain] org.springframework.boot.actuate.endpoint.web.EndpointLinksResolver : Exposing 1 endpoint beneath base path '/actuator'
2025-04-16 00:06:55.122  INFO 13336 --- [  restartedMain] org.springframework.boot.devtools.autoconfigure.OptionalLiveReloadServer : LiveReload server is running on port 35729
2025-04-16 00:06:55.184  INFO 13336 --- [  restartedMain] org.springframework.boot.web.embedded.tomcat.TomcatWebServer : Tomcat started on port 8080 (http) with context path '/api/v1/treasure-hunt'
2025-04-16 00:06:55.733  INFO 13336 --- [192.168.100.219] org.apache.catalina.core.ContainerBase.[Tomcat].[localhost].[/api/v1/treasure-hunt] : Initializing Spring DispatcherServlet 'dispatcherServlet'
2025-04-16 00:06:55.734  INFO 13336 --- [192.168.100.219] org.springframework.web.servlet.DispatcherServlet : Initializing Servlet 'dispatcherServlet'
2025-04-16 00:06:55.737  INFO 13336 --- [192.168.100.219] org.springframework.web.servlet.DispatcherServlet : Completed initialization in 3 ms
2025-04-16 05:49:23.449  INFO 13336 --- [ionShutdownHook] org.springframework.boot.web.embedded.tomcat.GracefulShutdown : Commencing graceful shutdown. Waiting for active requests to complete
2025-04-16 05:49:23.463  INFO 13336 --- [tomcat-shutdown] org.springframework.boot.web.embedded.tomcat.GracefulShutdown : Graceful shutdown complete
2025-04-16 05:49:23.478  INFO 13336 --- [ionShutdownHook] org.springframework.orm.jpa.LocalContainerEntityManagerFactoryBean : Closing JPA EntityManagerFactory for persistence unit 'default'
2025-04-16 05:49:23.483  INFO 13336 --- [ionShutdownHook] com.zaxxer.hikari.HikariDataSource : HikariPool-1 - Shutdown initiated...
2025-04-16 05:49:23.489  INFO 13336 --- [ionShutdownHook] com.zaxxer.hikari.HikariDataSource : HikariPool-1 - Shutdown completed.
